==29498== Memcheck, a memory error detector
==29498== Copyright (C) 2002-2017, and GNU GPL'd, by Julian Seward et al.
==29498== Using Valgrind-3.17.0 and LibVEX; rerun with -h for copyright info
==29498== Command: keyvalue test1.in test2.in test3.in
==29498== 
test1.in: 1: a=b
a = b
test1.in: 2: key=value
key = value
test1.in: 3: this=is a test
this = is a test
test1.in: 4: this
this = is a test
test1.in: 5: key
key = value
test1.in: 6: a
a = b
test1.in: 7: =
a = b
key = value
this = is a test
test1.in: 8: # $Id: test1.in,v 1.2 2021-02-08 14:03:08-08 - - $
test2.in: 1: key=value
key = value
test2.in: 2: second=third
second = third
test2.in: 3: foo=bar
foo = bar
test2.in: 4: f1=51
f1 = 51
test2.in: 5: f2=52
f2 = 52
test2.in: 6: foobar=baz
foobar = baz
test2.in: 7: baz=quux
baz = quux
test2.in: 8: this=is=a=test
this = is=a=test
test2.in: 9: =
a = b
baz = quux
f1 = 51
f2 = 52
foo = bar
foobar = baz
key = value
second = third
this = is=a=test
test2.in: 10: a=value
a = value
test2.in: 11: b=value
b = value
test2.in: 12: =value
a = value
b = value
key = value
==29498== Invalid read of size 8
==29498==    at 0x409127: listmap<std::string, std::string, xless<std::string> >::iterator::operator++() (listmap.h:81)
==29498==    by 0x408E36: listmap<std::string, std::string, xless<std::string> >::erase(listmap<std::string, std::string, xless<std::string> >::iterator) (listmap.tcc:95)
==29498==    by 0x4089F9: listmap<std::string, std::string, xless<std::string> >::~listmap() (listmap.tcc:20)
==29498==    by 0x407412: main (main.cpp:127)
==29498==  Address 0x5cd7830 is 0 bytes inside a block of size 32 free'd
==29498==    at 0x4C2DD8B: operator delete(void*, unsigned long) (vg_replace_malloc.c:814)
==29498==    by 0x408E2A: listmap<std::string, std::string, xless<std::string> >::erase(listmap<std::string, std::string, xless<std::string> >::iterator) (listmap.tcc:93)
==29498==    by 0x4089F9: listmap<std::string, std::string, xless<std::string> >::~listmap() (listmap.tcc:20)
==29498==    by 0x407412: main (main.cpp:127)
==29498==  Block was alloc'd at
==29498==    at 0x4C2B788: operator new(unsigned long) (vg_replace_malloc.c:417)
==29498==    by 0x409007: listmap<std::string, std::string, xless<std::string> >::insert(xpair<std::string const, std::string> const&) (listmap.tcc:51)
==29498==    by 0x4073B4: main (main.cpp:122)
==29498== 
test2.in: 13: # $Id: test2.in,v 1.1 2016-06-28 14:48:38-07 - - $
test3.in: 1: # Comments should be ignored
test3.in: 2: 
test3.in: 3: 
test3.in: 4: also ignore blank lines
also ignore blank lines: key not found
test3.in: 5: this file contains nonexistent keys
this file contains nonexistent keys: key not found
test3.in: 6: all output should be error messages
all output should be error messages: key not found
test3.in: 7: # $Id: test3.in,v 1.1 2016-06-28 14:48:38-07 - - $
==29498== Invalid read of size 8
==29498==    at 0x409127: listmap<std::string, std::string, xless<std::string> >::iterator::operator++() (listmap.h:81)
==29498==    by 0x408E36: listmap<std::string, std::string, xless<std::string> >::erase(listmap<std::string, std::string, xless<std::string> >::iterator) (listmap.tcc:95)
==29498==    by 0x4089F9: listmap<std::string, std::string, xless<std::string> >::~listmap() (listmap.tcc:20)
==29498==    by 0x407680: main (main.cpp:167)
==29498==  Address 0x5becb50 is 0 bytes inside a block of size 32 free'd
==29498==    at 0x4C2DD8B: operator delete(void*, unsigned long) (vg_replace_malloc.c:814)
==29498==    by 0x408E2A: listmap<std::string, std::string, xless<std::string> >::erase(listmap<std::string, std::string, xless<std::string> >::iterator) (listmap.tcc:93)
==29498==    by 0x4089F9: listmap<std::string, std::string, xless<std::string> >::~listmap() (listmap.tcc:20)
==29498==    by 0x407680: main (main.cpp:167)
==29498==  Block was alloc'd at
==29498==    at 0x4C2B788: operator new(unsigned long) (vg_replace_malloc.c:417)
==29498==    by 0x409007: listmap<std::string, std::string, xless<std::string> >::insert(xpair<std::string const, std::string> const&) (listmap.tcc:51)
==29498==    by 0x407229: main (main.cpp:111)
==29498== 
==29498== 
==29498== HEAP SUMMARY:
==29498==     in use at exit: 0 bytes in 0 blocks
==29498==   total heap usage: 40,669 allocs, 40,669 frees, 764,874 bytes allocated
==29498== 
==29498== All heap blocks were freed -- no leaks are possible
==29498== 
==29498== For lists of detected and suppressed errors, rerun with: -s
==29498== ERROR SUMMARY: 13 errors from 2 contexts (suppressed: 0 from 0)
